{"level":"error","message":"antsu password missmatch","timestamp":"29-Oct-2021 04:17:18"}
{"level":"info","message":"Message has sended to andersonjulio15@gmail.com","timestamp":"22-Nov-2021 21:50:59"}
{"level":"info","message":"Message has sended to andersonjulio15@gmail.com","timestamp":"22-Nov-2021 21:59:28"}
{"level":"info","message":"Usuário antsu foi criado","timestamp":"25-Nov-2021 13:51:08"}
{"level":"info","message":"andersonjulio15@gmail.com has confirmed","timestamp":"26-Nov-2021 01:29:19"}
{"level":"info","message":"andersonjulio15@gmail.com has confirmed","timestamp":"26-Nov-2021 01:29:19"}
{"level":"info","message":"andersonjulio15@gmail.com has confirmed","timestamp":"26-Nov-2021 01:29:21"}
{"level":"info","message":"andersonjulio15@gmail.com has confirmed","timestamp":"26-Nov-2021 01:29:30"}
{"level":"info","message":"andersonjulio15@gmail.com has confirmed","timestamp":"26-Nov-2021 01:32:11"}
{"level":"info","message":"andersonjulio15@gmail.com has confirmed","timestamp":"26-Nov-2021 01:32:12"}
{"level":"info","message":"andersonjulio15@gmail.com has confirmed","timestamp":"26-Nov-2021 01:38:43"}
{"level":"info","message":"andersonjulio15@gmail.com has confirmed","timestamp":"26-Nov-2021 01:38:44"}
{"level":"info","message":"andersonjulio15@gmail.com has confirmed","timestamp":"26-Nov-2021 01:39:08"}
{"level":"info","message":"andersonjulio15@gmail.com has confirmed","timestamp":"26-Nov-2021 01:39:09"}
{"level":"info","message":"andersonjulio15@gmail.com has confirmed","timestamp":"26-Nov-2021 01:40:02"}
{"level":"info","message":"andersonjulio15@gmail.com has confirmed","timestamp":"26-Nov-2021 01:40:02"}
{"level":"info","message":"andersonjulio15@gmail.com has confirmed","timestamp":"26-Nov-2021 02:03:53"}
{"level":"info","message":"andersonjulio15@gmail.com has confirmed","timestamp":"26-Nov-2021 02:03:53"}
{"level":"error","message":"Administrator not approved user antsu","timestamp":"27-Nov-2021 13:28:45"}
{"level":"error","message":"Administrator not approved user antsu","timestamp":"27-Nov-2021 13:28:52"}
{"level":"info","message":"Usuário antsu foi criado","timestamp":"27-Nov-2021 15:26:11"}
{"level":"info","message":"andersonjulio15@gmail.com has confirmed","timestamp":"27-Nov-2021 15:26:54"}
{"level":"error","message":"Administrator not approved user antsu","timestamp":"27-Nov-2021 15:27:29"}
{"level":"info","message":"Message has sended to andersonjulio15@gmail.com","timestamp":"27-Nov-2021 16:50:59"}
{"level":"info","message":"Message has sended to andersonjulio15@gmail.com","timestamp":"29-Nov-2021 22:11:50"}
{"level":"info","message":"Message has sended to andersonjulio15@gmail.com","timestamp":"29-Nov-2021 22:14:44"}
{"level":"info","message":"Message has sended to andersonjulio15@gmail.com","timestamp":"29-Nov-2021 22:16:58"}
{"level":"error","message":"Administrator not approved user antsu","timestamp":"30-Nov-2021 00:40:25"}
{"level":"error","message":"Administrator not approved user antsu","timestamp":"30-Nov-2021 00:40:55"}
{"level":"info","message":"Message has sended to andersonjulio15@gmail.com","timestamp":"04-Dec-2021 18:01:40"}
{"level":"info","message":"Message has sended to andersonjulio15@gmail.com","timestamp":"04-Dec-2021 18:01:43"}
{"level":"info","message":"Message has sended to andersonjulio15@gmail.com","timestamp":"04-Dec-2021 18:07:20"}
{"level":"info","message":"Message has sended to andersonjulio15@gmail.com","timestamp":"04-Dec-2021 18:08:48"}
{"level":"info","message":"Message has sended to andersonjulio15@gmail.com","timestamp":"04-Dec-2021 18:12:05"}
{"level":"info","message":"Message has sended to andersonjulio15@gmail.com","timestamp":"04-Dec-2021 18:17:05"}
{"level":"info","message":"Message has sended to andersonjulio15@gmail.com","timestamp":"04-Dec-2021 18:57:51"}
{"level":"info","message":"Message has sended to andersonjulio15@gmail.com","timestamp":"04-Dec-2021 19:02:03"}
{"level":"info","message":"Message has sended to andersonjulio15@gmail.com","timestamp":"04-Dec-2021 19:04:00"}
{"level":"info","message":"Message has sended to andersonjulio15@gmail.com","timestamp":"05-Dec-2021 08:30:40"}
{"level":"info","message":"Message has sended to andersonjulio15@gmail.com","timestamp":"05-Dec-2021 09:01:38"}
{"level":"info","message":"Usuário antsu foi criado","timestamp":"05-Dec-2021 09:09:43"}
{"level":"info","message":"Usuário antsu foi criado","timestamp":"05-Dec-2021 09:14:47"}
{"level":"info","message":"Usuário antsu foi criado","timestamp":"05-Dec-2021 09:19:20"}
{"level":"info","message":"andersonjulio15@gmail.com has confirmed","timestamp":"05-Dec-2021 09:19:42"}
{"level":"error","message":"Administrator not approved user antsu","timestamp":"05-Dec-2021 09:20:03"}
{"level":"info","message":"Message has sended to andersonjulio15@gmail.com","timestamp":"05-Dec-2021 09:20:58"}
{"level":"info","message":"Message has sended to andersonjulio15@gmail.com","timestamp":"07-Dec-2021 00:47:03"}
{"level":"info","message":"Message has sended to andersonjulio15@gmail.com","timestamp":"10-Dec-2021 11:45:28"}
{"level":"info","message":"Message has sended to andersonjulio15@gmail.com","timestamp":"10-Dec-2021 11:51:11"}
{"level":"error","message":"Administrator not approved user antsu","timestamp":"10-Dec-2021 11:51:55"}
{"level":"error","message":"Administrator not approved user antsu","timestamp":"10-Dec-2021 11:52:51"}
{"level":"info","message":"antsu's e-mail has change to andersonjulio15@gmail.com","timestamp":"12-Dec-2021 12:02:48"}
{"level":"info","message":"antsu's e-mail has change to anderson_julio_15@hotmail.com","timestamp":"12-Dec-2021 12:06:17"}
{"level":"info","message":"antsu's e-mail has change to andersonjulio15@gmail.com","timestamp":"12-Dec-2021 12:19:30"}
{"level":"info","message":"Message has sended to anderson_julio_15@hotmail.com","timestamp":"17-Dec-2021 20:07:40"}
{"level":"error","message":"Administrator not approved user antsu","timestamp":"18-Dec-2021 12:38:46"}
{"level":"error","message":"Administrator not approved user antsu","timestamp":"18-Dec-2021 12:39:41"}
{"level":"info","message":"Usuário antsu foi criado","timestamp":"20-Dec-2021 11:08:04"}
{"level":"info","message":"Usuário antsu foi criado","timestamp":"20-Dec-2021 11:20:08"}
{"level":"info","message":"Usuário antsu foi criado","timestamp":"20-Dec-2021 11:21:56"}
{"level":"info","message":"Usuário antsu foi criado","timestamp":"20-Dec-2021 11:26:51"}
{"level":"info","message":"Usuário antsu foi criado","timestamp":"20-Dec-2021 11:29:29"}
{"level":"info","message":"Usuário antsu foi criado","timestamp":"20-Dec-2021 11:33:44"}
{"level":"info","message":"Usuário antsu foi criado","timestamp":"20-Dec-2021 12:09:00"}
{"level":"info","message":"Usuário antsu foi criado","timestamp":"20-Dec-2021 12:12:20"}
{"level":"info","message":"Usuário antsu foi criado","timestamp":"20-Dec-2021 12:16:15"}
{"level":"info","message":"Usuário antsu foi criado","timestamp":"20-Dec-2021 12:19:07"}
{"level":"info","message":"Usuário antsu foi criado","timestamp":"20-Dec-2021 12:25:04"}
{"level":"info","message":"Usuário antsu foi criado","timestamp":"20-Dec-2021 12:27:05"}
{"level":"info","message":"Usuário antsu foi criado","timestamp":"20-Dec-2021 14:57:04"}
{"level":"info","message":"Usuário antsu foi criado","timestamp":"20-Dec-2021 14:58:46"}
{"level":"info","message":"Usuário antsu foi criado","timestamp":"20-Dec-2021 15:51:27"}
{"level":"info","message":"Usuário antsu foi criado","timestamp":"20-Dec-2021 16:08:09"}
{"level":"info","message":"Usuário antsu foi criado","timestamp":"20-Dec-2021 16:11:47"}
{"level":"info","message":"Usuário antsu foi criado","timestamp":"21-Dec-2021 21:30:07"}
{"level":"info","message":"Usuário antsu foi criado","timestamp":"24-Dec-2021 14:15:35"}
{"level":"info","message":"Usuário antsu foi criado","timestamp":"24-Dec-2021 15:04:25"}
{"level":"info","message":"Usuário antsu foi criado","timestamp":"24-Dec-2021 15:10:29"}
{"level":"info","message":"Usuário antsu foi criado","timestamp":"24-Dec-2021 15:13:25"}
{"level":"info","message":"Usuário antsu foi criado","timestamp":"24-Dec-2021 15:21:19"}
{"level":"info","message":"Usuário antsu foi criado","timestamp":"24-Dec-2021 15:32:30"}
{"level":"info","message":"Usuário antsu foi criado","timestamp":"24-Dec-2021 15:45:31"}
{"level":"info","message":"Usuário antsu foi criado","timestamp":"24-Dec-2021 15:47:48"}
{"level":"info","message":"Usuário antsu foi criado","timestamp":"24-Dec-2021 15:54:25"}
{"level":"info","message":"Usuário antsu foi criado","timestamp":"24-Dec-2021 16:11:38"}
{"level":"info","message":"Usuário antsu foi criado","timestamp":"24-Dec-2021 18:09:27"}
{"level":"info","message":"Usuário antsu foi criado","timestamp":"24-Dec-2021 18:13:40"}
{"level":"info","message":"Usuário antsu foi criado","timestamp":"24-Dec-2021 18:17:09"}
{"level":"info","message":"Usuário antsu foi criado","timestamp":"24-Dec-2021 18:34:39"}
{"level":"info","message":"Usuário antsu foi criado","timestamp":"24-Dec-2021 18:52:26"}
{"level":"info","message":"Usuário antsu foi criado","timestamp":"24-Dec-2021 18:57:24"}
{"level":"info","message":"Usuário antsu foi criado","timestamp":"24-Dec-2021 19:16:06"}
{"level":"info","message":"Usuário antsu foi criado","timestamp":"24-Dec-2021 19:28:00"}
{"level":"info","message":"antsu'has deleted!","timestamp":"24-Dec-2021 19:28:58"}
{"level":"info","message":"Usuário antsu foi criado","timestamp":"24-Dec-2021 19:46:11"}
{"level":"info","message":"antsu's e-mail has change to anderson@juliosilva.com","timestamp":"25-Dec-2021 19:34:27"}
{"level":"info","message":"antsu's e-mail has change to anderson@juliO.com","timestamp":"25-Dec-2021 19:35:22"}
{"level":"info","message":"antsu's e-mail has change to anderson@juliosilvawwww.com","timestamp":"25-Dec-2021 19:37:31"}
{"level":"info","message":"antsu's e-mail has change to anderson@juliosilvawwww.com","timestamp":"25-Dec-2021 19:45:13"}
{"level":"info","message":"antsu's e-mail has change to anderson@juliosilvawwww.com","timestamp":"25-Dec-2021 19:45:15"}
